2019-12-24 11:13:47.805  INFO 231375 [http-nio-8009-exec-158] --- gInterceptorConfiguration$LogInterceptor : [547b7ff2-325c-4f5b-8307-29d8950753d4][] [status:200,time:28ms] PUT /v1/api1
2019-12-24 11:13:47.805  INFO 231375 [http-nio-8009-exec-158] --- c.b.b.p.w.logging.BceRequestIdFilter     : [547b7ff2-325c-4f5b-8307-29d8950753d4][] [status:200,time:31ms] PUT /v1/api1
2019-12-24 11:13:50.646  INFO 231375 [http-nio-8009-exec-176] --- gInterceptorConfiguration$LogInterceptor : [f2365715-346b-4573-a1a9-33322ba45ec2][] [status:200,time:158ms] PUT /v1/api1
2019-12-24 11:13:50.646  INFO 231375 [http-nio-8009-exec-176] --- c.b.b.p.w.logging.BceRequestIdFilter     : [f2365715-346b-4573-a1a9-33322ba45ec2][] [status:200,time:163ms] PUT /v1/api1
2019-12-24 11:13:51.918  INFO 231375 [http-nio-8009-exec-166] --- gInterceptorConfiguration$LogInterceptor : [7c3058d0-937b-41ec-bf50-dcd5c1252110][] [status:200,time:140ms] PUT /v1/api1
2019-12-24 11:13:51.918  INFO 231375 [http-nio-8009-exec-166] --- c.b.b.p.w.logging.BceRequestIdFilter     : [7c3058d0-937b-41ec-bf50-dcd5c1252110][] [status:200,time:144ms] PUT /v1/api1
2019-12-24 11:13:52.121  INFO 231375 [http-nio-8009-exec-172] --- gInterceptorConfiguration$LogInterceptor : [7ac25a77-323c-4070-8ac4-b7286e55fe6c][] [status:200,time:148ms] PUT /v1/api1
2019-12-24 11:13:52.122  INFO 231375 [http-nio-8009-exec-172] --- c.b.b.p.w.logging.BceRequestIdFilter     : [7ac25a77-323c-4070-8ac4-b7286e55fe6c][] [status:200,time:151ms] PUT /v1/api1
2019-12-24 11:13:53.918  INFO 231375 [http-nio-8009-exec-188] --- gInterceptorConfiguration$LogInterceptor : [4191977e-a5bc-458f-bf53-9e9340f16366][] [status:200,time:142ms] PUT /v1/api1
2019-12-24 11:13:53.918  INFO 231375 [http-nio-8009-exec-188] --- c.b.b.p.w.logging.BceRequestIdFilter     : [4191977e-a5bc-458f-bf53-9e9340f16366][] [status:200,time:145ms] PUT /v1/api1
2019-12-24 11:13:54.000  INFO 231375 [http-nio-8009-exec-171] --- gInterceptorConfiguration$LogInterceptor : [b641c793-f82e-436c-bdc0-590be16732d6][] [status:200,time:27ms] PUT /v1/api1
2019-12-24 11:13:54.000  INFO 231375 [http-nio-8009-exec-171] --- c.b.b.p.w.logging.BceRequestIdFilter     : [b641c793-f82e-436c-bdc0-590be16732d6][] [status:200,time:29ms] PUT /v1/api1
2019-12-24 11:13:55.493  INFO 231375 [http-nio-8009-exec-170] --- gInterceptorConfiguration$LogInterceptor : [57cf719f-96f4-4806-8476-8409cecbb5e6][] [status:200,time:32ms] GET /v1/api2
2019-12-24 11:13:55.493  INFO 231375 [http-nio-8009-exec-170] --- c.b.b.p.w.logging.BceRequestIdFilter     : [57cf719f-96f4-4806-8476-8409cecbb5e6][] [status:200,time:36ms] GET /v1/api2
2019-12-24 11:13:55.532  INFO 231375 [http-nio-8009-exec-179] --- gInterceptorConfiguration$LogInterceptor : [8474c39c-6d0a-4011-bd79-9d32f0b17b74][] [status:200,time:32ms] GET /v1/api2
2019-12-24 11:13:55.532  INFO 231375 [http-nio-8009-exec-179] --- c.b.b.p.w.logging.BceRequestIdFilter     : [8474c39c-6d0a-4011-bd79-9d32f0b17b74][] [status:200,time:35ms] GET /v1/api2
2019-12-24 11:13:55.570  INFO 231375 [http-nio-8009-exec-163] --- gInterceptorConfiguration$LogInterceptor : [d3cfe7d9-b726-47b7-a9db-87eeacfe6ab3][] [status:200,time:32ms] GET /v1/api2
2019-12-24 11:13:55.570  INFO 231375 [http-nio-8009-exec-163] --- c.b.b.p.w.logging.BceRequestIdFilter     : [d3cfe7d9-b726-47b7-a9db-87eeacfe6ab3][] [status:200,time:35ms] GET /v1/api2
2019-12-24 11:13:56.007  INFO 231375 [http-nio-8009-exec-177] --- gInterceptorConfiguration$LogInterceptor : [681b1e43-cc08-42d6-aebe-4cc26a08558d][] [status:200,time:34ms] PUT /v1/api1
2019-12-24 11:13:56.007  INFO 231375 [http-nio-8009-exec-177] --- c.b.b.p.w.logging.BceRequestIdFilter     : [681b1e43-cc08-42d6-aebe-4cc26a08558d][] [status:200,time:36ms] PUT /v1/api1
2019-12-24 11:13:57.798  INFO 231375 [http-nio-8009-exec-180] --- gInterceptorConfiguration$LogInterceptor : [e98f2ccf-a6bf-4c68-aa38-2e4875a24676][] [status:200,time:31ms] PUT /v1/api1
2019-12-24 11:13:57.798  INFO 231375 [http-nio-8009-exec-180] --- c.b.b.p.w.logging.BceRequestIdFilter     : [e98f2ccf-a6bf-4c68-aa38-2e4875a24676][] [status:200,time:34ms] PUT /v1/api1
2019-12-24 11:14:00.661  INFO 231375 [http-nio-8009-exec-169] --- gInterceptorConfiguration$LogInterceptor : [43f0aca2-5daa-4948-96e4-7f8770a79e27][] [status:200,time:173ms] PUT /v1/api1
2019-12-24 11:14:00.661  INFO 231375 [http-nio-8009-exec-169] --- c.b.b.p.w.logging.BceRequestIdFilter     : [43f0aca2-5daa-4948-96e4-7f8770a79e27][] [status:200,time:177ms] PUT /v1/api1
2019-12-24 11:14:01.912  INFO 231375 [http-nio-8009-exec-185] --- gInterceptorConfiguration$LogInterceptor : [1d02a2a5-0852-469a-b7b4-80089cb07bca][] [status:200,time:135ms] PUT /v1/api1
2019-12-24 11:14:01.912  INFO 231375 [http-nio-8009-exec-185] --- c.b.b.p.w.logging.BceRequestIdFilter     : [1d02a2a5-0852-469a-b7b4-80089cb07bca][] [status:200,time:138ms] PUT /v1/api1
2019-12-24 11:14:02.121  INFO 231375 [http-nio-8009-exec-178] --- gInterceptorConfiguration$LogInterceptor : [85033b32-393c-499b-a64e-e2569ecb47a2][] [status:200,time:147ms] PUT /v1/api1
2019-12-24 11:14:02.121  INFO 231375 [http-nio-8009-exec-178] --- c.b.b.p.w.logging.BceRequestIdFilter     : [85033b32-393c-499b-a64e-e2569ecb47a2][] [status:200,time:149ms] PUT /v1/api1
2019-12-24 11:14:03.922  INFO 231375 [http-nio-8009-exec-175] --- gInterceptorConfiguration$LogInterceptor : [05f29ac1-8fe1-4ebe-95c5-f485a1f8297b][] [status:200,time:146ms] PUT /v1/api1
2019-12-24 11:14:03.923  INFO 231375 [http-nio-8009-exec-175] --- c.b.b.p.w.logging.BceRequestIdFilter     : [05f29ac1-8fe1-4ebe-95c5-f485a1f8297b][] [status:200,time:150ms] PUT /v1/api1
2019-12-24 11:14:07.807  INFO 231375 [http-nio-8009-exec-25] --- gInterceptorConfiguration$LogInterceptor : [d4ff5615-fbad-4d7b-94a0-c1bf9117808d][] [status:200,time:28ms] PUT /v1/api1
2019-12-24 11:14:07.807  INFO 231375 [http-nio-8009-exec-25] --- c.b.b.p.w.logging.BceRequestIdFilter     : [d4ff5615-fbad-4d7b-94a0-c1bf9117808d][] [status:200,time:32ms] PUT /v1/api1
2019-12-24 11:14:10.640  INFO 231375 [http-nio-8009-exec-184] --- gInterceptorConfiguration$LogInterceptor : [30e6be41-84d8-4c51-bd56-a8c941f66e8e][] [status:200,time:153ms] PUT /v1/api1
2019-12-24 11:14:10.640  INFO 231375 [http-nio-8009-exec-184] --- c.b.b.p.w.logging.BceRequestIdFilter     : [30e6be41-84d8-4c51-bd56-a8c941f66e8e][] [status:200,time:157ms] PUT /v1/api1
2019-12-24 11:14:11.926  INFO 231375 [http-nio-8009-exec-183] --- gInterceptorConfiguration$LogInterceptor : [d060f338-1ea2-4f10-a118-ef131f4767fa][] [status:200,time:149ms] PUT /v1/api1
2019-12-24 11:14:11.926  INFO 231375 [http-nio-8009-exec-183] --- c.b.b.p.w.logging.BceRequestIdFilter     : [d060f338-1ea2-4f10-a118-ef131f4767fa][] [status:200,time:152ms] PUT /v1/api1
2019-12-24 11:14:12.896  INFO 231375 [http-nio-8009-exec-186] --- gInterceptorConfiguration$LogInterceptor : [e97c8e6c-6347-4344-b822-e137662944af][] [status:200,time:59ms] GET /v1/api2
2019-12-24 11:14:12.896  INFO 231375 [http-nio-8009-exec-186] --- c.b.b.p.w.logging.BceRequestIdFilter     : [e97c8e6c-6347-4344-b822-e137662944af][] [status:200,time:62ms] GET /v1/api2
2019-12-24 11:14:12.961  INFO 231375 [http-nio-8009-exec-174] --- gInterceptorConfiguration$LogInterceptor : [211b62b4-dacc-4052-84e5-a4bc7f2554e5][] [status:200,time:57ms] GET /v1/api2
2019-12-24 11:14:12.961  INFO 231375 [http-nio-8009-exec-174] --- c.b.b.p.w.logging.BceRequestIdFilter     : [211b62b4-dacc-4052-84e5-a4bc7f2554e5][] [status:200,time:60ms] GET /v1/api2
2019-12-24 11:14:13.029  INFO 231375 [http-nio-8009-exec-189] --- gInterceptorConfiguration$LogInterceptor : [b9563eb3-9ac9-42ec-8b06-7f852ab83dc1][] [status:200,time:61ms] GET /v1/api2
2019-12-24 11:14:13.029  INFO 231375 [http-nio-8009-exec-189] --- c.b.b.p.w.logging.BceRequestIdFilter     : [b9563eb3-9ac9-42ec-8b06-7f852ab83dc1][] [status:200,time:64ms] GET /v1/api2
2019-12-24 11:18:03.903  INFO 231375 [http-nio-8009-exec-280] --- c.b.b.p.w.logging.BceRequestIdFilter     : [06315a95-0394-48dc-b994-17ad0d094806][] [status:200,time:130ms] PUT /v1/api1
2019-12-24 11:18:07.810  INFO 231375 [http-nio-8009-exec-283] --- gInterceptorConfiguration$LogInterceptor : [43245da5-46be-48af-9fdc-64b950359388][] [status:200,time:32ms] PUT /v1/api1
2019-12-24 11:18:07.810  INFO 231375 [http-nio-8009-exec-283] --- c.b.b.p.w.logging.BceRequestIdFilter     : [43245da5-46be-48af-9fdc-64b950359388][] [status:200,time:36ms] PUT /v1/api1
2019-12-24 11:18:11.926  INFO 231375 [http-nio-8009-exec-282] --- gInterceptorConfiguration$LogInterceptor : [5b85c0c3-ef37-41e9-9a0a-244469ab5f7f][] [status:200,time:148ms] PUT /v1/api1
2019-12-24 11:18:11.926  INFO 231375 [http-nio-8009-exec-282] --- c.b.b.p.w.logging.BceRequestIdFilter     : [5b85c0c3-ef37-41e9-9a0a-244469ab5f7f][] [status:200,time:152ms] PUT /v1/api1
2019-12-24 11:18:13.920  INFO 231375 [http-nio-8009-exec-293] --- gInterceptorConfiguration$LogInterceptor : [b2c7d233-f004-45a4-8e8d-3de75b81effa][] [status:200,time:145ms] PUT /v1/api1
2019-12-24 11:18:13.920  INFO 231375 [http-nio-8009-exec-293] --- c.b.b.p.w.logging.BceRequestIdFilter     : [b2c7d233-f004-45a4-8e8d-3de75b81effa][] [status:200,time:148ms] PUT /v1/api1
2019-12-24 11:33:25.499  INFO 231375 [http-nio-8009-exec-8] --- gInterceptorConfiguration$LogInterceptor : [908a8d3f-2ba0-4821-be1d-79206b2c7c6b][] [status:200,time:37ms] GET /v1/api2
2019-12-24 11:33:25.499  INFO 231375 [http-nio-8009-exec-8] --- c.b.b.p.w.logging.BceRequestIdFilter     : [908a8d3f-2ba0-4821-be1d-79206b2c7c6b][] [status:200,time:42ms] GET /v1/api2
2019-12-24 11:33:25.539  INFO 231375 [http-nio-8009-exec-3] --- gInterceptorConfiguration$LogInterceptor : [b97e686a-7a3b-4202-86af-eba4da371fb6][] [status:200,time:133ms] GET /v1/api2
2019-12-24 11:33:25.539  INFO 231375 [http-nio-8009-exec-3] --- c.b.b.p.w.logging.BceRequestIdFilter     : [b97e686a-7a3b-4202-86af-eba4da371fb6][] [status:200,time:36ms] GET /v1/api2
2019-12-24 11:33:25.578  INFO 231375 [http-nio-8009-exec-13] --- gInterceptorConfiguration$LogInterceptor : [0c326527-1ed5-4fd6-a45d-3042008eb23a][] [status:200,time:32ms] GET /v1/api2
2019-12-24 11:33:25.578  INFO 231375 [http-nio-8009-exec-13] --- c.b.b.p.w.logging.BceRequestIdFilter     : [0c326527-1ed5-4fd6-a45d-3042008eb23a][] [status:200,time:35ms] GET /v1/api2
2019-12-24 11:51:45.497  INFO 231375 [http-nio-8009-exec-112] --- gInterceptorConfiguration$LogInterceptor : [3fb29c4d-ae1a-4f10-9c48-77d1318f285d][] [status:200,time:34ms] GET /v1/api2
2019-12-24 11:51:45.497  INFO 231375 [http-nio-8009-exec-112] --- c.b.b.p.w.logging.BceRequestIdFilter     : [3fb29c4d-ae1a-4f10-9c48-77d1318f285d][] [status:200,time:39ms] GET /v1/api2
2019-12-24 11:51:45.541  INFO 231375 [http-nio-8009-exec-101] --- gInterceptorConfiguration$LogInterceptor : [ecbbd882-6afd-4a36-9528-3a052180edfd][] [status:200,time:37ms] GET /v1/api2
2019-12-24 11:51:45.541  INFO 231375 [http-nio-8009-exec-101] --- c.b.b.p.w.logging.BceRequestIdFilter     : [ecbbd882-6afd-4a36-9528-3a052180edfd][] [status:200,time:39ms] GET /v1/api2
2019-12-24 11:51:45.587  INFO 231375 [http-nio-8009-exec-111] --- gInterceptorConfiguration$LogInterceptor : [b7ebb6ed-336f-43ec-8ade-d2ff9dae3a91][] [status:200,time:39ms] GET /v1/api2
2019-12-24 11:51:45.587  INFO 231375 [http-nio-8009-exec-111] --- c.b.b.p.w.logging.BceRequestIdFilter     : [b7ebb6ed-336f-43ec-8ade-d2ff9dae3a91][] [status:200,time:42ms] GET /v1/api2